#
# A fatal error has been detected by the Java Runtime Environment:
#
#  SIGSEGV (0xb) at pc=0x000000010bf9c2ae, pid=3257, tid=0x0000000000000307
#
# JRE version: Java(TM) SE Runtime Environment (8.0_271-b09) (build 1.8.0_271-b09)
# Java VM: Java HotSpot(TM) 64-Bit Server VM (25.271-b09 mixed mode bsd-amd64 compressed oops)
# Problematic frame:
# C  [libController.dylib+0x172ae]  wb_robot_init+0x49e
#
# Failed to write core dump. Core dumps have been disabled. To enable core dumping, try "ulimit -c unlimited" before starting Java again
#
# If you would like to submit a bug report, please visit:
#   http://bugreport.java.com/bugreport/crash.jsp
# The crash happened outside the Java Virtual Machine in native code.
# See problematic frame for where to report the bug.
#

---------------  T H R E A D  ---------------

Current thread (0x00007f814d809000):  JavaThread "main" [_thread_in_native, id=775, stack(0x00007ffeeb8c1000,0x00007ffeec0c1000)]

siginfo: si_signo: 11 (SIGSEGV), si_code: 1 (SEGV_MAPERR), si_addr: 0x0000000000000000

Registers:
RAX=0x0000000000000000, RBX=0x00007f814be087a0, RCX=0x00007f814be087c0, RDX=0x0000000000000000
RSP=0x00007ffeec0bd880, RBP=0x00007ffeec0bdcb0, RSI=0x00007f814be087e0, RDI=0x0000000000000000
R8 =0x0000000103b67a00, R9 =0x00007f814be00000, R10=0x0000000000000002, R11=0x00007f814be087e0
R12=0x0000000000000000, R13=0x0000000109cd5c70, R14=0x00007fff889baad8, R15=0x00007f814d809000
RIP=0x000000010bf9c2ae, EFLAGS=0x0000000000010246, ERR=0x0000000000000004
  TRAPNO=0x000000000000000e

Top of Stack: (sp=0x00007ffeec0bd880)
0x00007ffeec0bd880:   5335e9ba721bfc34 0000000000000000
0x00007ffeec0bd890:   af1220a950b103f2 0000000000000000
0x00007ffeec0bd8a0:   fd386d6fae0d84d5 0000000000000000
0x00007ffeec0bd8b0:   e018e7144f0ac7bd 0000000000000000
0x00007ffeec0bd8c0:   8097dffe7dafb291 0000000000000000
0x00007ffeec0bd8d0:   cafebabecafebabe 0000000000000000
0x00007ffeec0bd8e0:   0000000000000000 0000000000000000
0x00007ffeec0bd8f0:   0000000000000000 0000000000000000
0x00007ffeec0bd900:   0000000000000000 0000000000000000
0x00007ffeec0bd910:   0000000000000000 0000000000000000
0x00007ffeec0bd920:   0000000000000000 0000000000000000
0x00007ffeec0bd930:   0000000000000000 0000000000000000
0x00007ffeec0bd940:   0000000000000003 0000000000000000
0x00007ffeec0bd950:   0000000000000000 0000000000000000
0x00007ffeec0bd960:   0000000000000000 0000000000000000
0x00007ffeec0bd970:   0000000000000000 0000000000000000
0x00007ffeec0bd980:   0000000000000000 0000000000000000
0x00007ffeec0bd990:   0000000000000000 0000000000000000
0x00007ffeec0bd9a0:   0000000000000000 0000000000000000
0x00007ffeec0bd9b0:   0000000000000000 0000000000000000
0x00007ffeec0bd9c0:   0000000000000000 0000000000000000
0x00007ffeec0bd9d0:   0000000000000000 0000000000000000
0x00007ffeec0bd9e0:   0000000000000000 0000000000000000
0x00007ffeec0bd9f0:   0000000000000000 0000000000000000
0x00007ffeec0bda00:   0000000000000000 0000000000000000
0x00007ffeec0bda10:   0000000000000000 0000000000000000
0x00007ffeec0bda20:   0000000000000000 0000000000000000
0x00007ffeec0bda30:   0000000000000000 0000000000000000
0x00007ffeec0bda40:   0000000000000000 0000000000000000
0x00007ffeec0bda50:   0000000000000000 0000000000000000
0x00007ffeec0bda60:   0000000000000000 0000000000000000
0x00007ffeec0bda70:   0000000000000000 0000000000000000 

Instructions: (pc=0x000000010bf9c2ae)
0x000000010bf9c28e:   00 00 b8 01 00 00 00 48 81 c4 08 04 00 00 5b 41
0x000000010bf9c29e:   5c 41 5d 41 5e 41 5f 5d c3 48 8b 3d 62 37 04 00
0x000000010bf9c2ae:   80 3f 00 0f 84 49 ff ff ff e8 b4 c6 ff ff 31 c0
0x000000010bf9c2be:   e8 9d c8 ff ff 84 c0 0f 85 35 ff ff ff 48 8b 05 

Register to memory mapping:

RAX=0x0000000000000000 is an unknown value
RBX=0x00007f814be087a0 is an unknown value
RCX=0x00007f814be087c0 is an unknown value
RDX=0x0000000000000000 is an unknown value
RSP=0x00007ffeec0bd880 is pointing into the stack for thread: 0x00007f814d809000
RBP=0x00007ffeec0bdcb0 is pointing into the stack for thread: 0x00007f814d809000
RSI=0x00007f814be087e0 is an unknown value
RDI=0x0000000000000000 is an unknown value
R8 =0x0000000103b67a00 is an unknown value
R9 =0x00007f814be00000 is an unknown value
R10=0x0000000000000002 is an unknown value
R11=0x00007f814be087e0 is an unknown value
R12=0x0000000000000000 is an unknown value
R13={method} {0x0000000109cd5c70} 'new_Robot' '()J' in 'com/cyberbotics/webots/controller/wrapperJNI'
R14=0x00007fff889baad8: __stdoutp+0 in /usr/lib/system/libsystem_c.dylib at 0x00007fff2020d000
R15=0x00007f814d809000 is a thread


Stack: [0x00007ffeeb8c1000,0x00007ffeec0c1000],  sp=0x00007ffeec0bd880,  free space=8178k
Native frames: (J=compiled Java code, j=interpreted, Vv=VM code, C=native code)
C  [libController.dylib+0x172ae]  wb_robot_init+0x49e
C  [libCppController.dylib+0xcfa6]  webots::Robot::Robot()+0x86
C  [libCppController.dylib+0xd1d5]  webots::Robot::Robot()+0x15
C  [libJavaController.jnilib+0x13b80]  Java_com_cyberbotics_webots_controller_wrapperJNI_new_1Robot+0x40
j  com.cyberbotics.webots.controller.wrapperJNI.new_Robot()J+0
j  com.cyberbotics.webots.controller.Robot.<init>()V+1
j  MyControllerJava.main([Ljava/lang/String;)V+4
v  ~StubRoutines::call_stub
V  [libjvm.dylib+0x2d4795]  JavaCalls::call_helper(JavaValue*, methodHandle*, JavaCallArguments*, Thread*)+0x771
V  [libjvm.dylib+0x30582b]  jni_invoke_static(JNIEnv_*, JavaValue*, _jobject*, JNICallType, _jmethodID*, JNI_ArgumentPusher*, Thread*)+0x279
V  [libjvm.dylib+0x308edb]  jni_CallStaticVoidMethod+0x1f6
C  [java+0x316c]  JavaMain+0x9dc
C  [java+0x5d34]  __JVMInit_block_invoke+0x4b
C  [Foundation+0x4201c]  __NSBLOCKOPERATION_IS_CALLING_OUT_TO_A_BLOCK__+0x7
C  [Foundation+0x41f14]  -[NSBlockOperation main]+0x62
C  [Foundation+0x41ea5]  __NSOPERATION_IS_INVOKING_MAIN__+0x11
C  [Foundation+0x41156]  -[NSOperation start]+0x311
C  [Foundation+0x804d9]  __NSThreadPerformPerform+0xcc
C  [CoreFoundation+0x81a0c]  __CFRUNLOOP_IS_CALLING_OUT_TO_A_SOURCE0_PERFORM_FUNCTION__+0x11
C  [CoreFoundation+0x81974]  __CFRunLoopDoSource0+0xb4
C  [CoreFoundation+0x816ef]  __CFRunLoopDoSources0+0xf8
C  [CoreFoundation+0x80121]  __CFRunLoopRun+0x37a
C  [CoreFoundation+0x7f6ce]  CFRunLoopRunSpecific+0x233
C  [java+0x5282]  CreateExecutionEnvironment+0x37e
C  [java+0x17ae]  JLI_Launch+0x75e
C  [java+0x7be9]  main+0x44
C  [libdyld.dylib+0x15621]  start+0x1
C  0x0000000000000006

Java frames: (J=compiled Java code, j=interpreted, Vv=VM code)
j  com.cyberbotics.webots.controller.wrapperJNI.new_Robot()J+0
j  com.cyberbotics.webots.controller.Robot.<init>()V+1
j  MyControllerJava.main([Ljava/lang/String;)V+4
v  ~StubRoutines::call_stub

---------------  P R O C E S S  ---------------

Java Threads: ( => current thread )
  0x00007f814c009000 JavaThread "Service Thread" daemon [_thread_blocked, id=17411, stack(0x000070000c397000,0x000070000c497000)]
  0x00007f814d84a800 JavaThread "C1 CompilerThread3" daemon [_thread_blocked, id=17923, stack(0x000070000c294000,0x000070000c394000)]
  0x00007f814d84a000 JavaThread "C2 CompilerThread2" daemon [_thread_blocked, id=16643, stack(0x000070000c191000,0x000070000c291000)]
  0x00007f814d80b800 JavaThread "C2 CompilerThread1" daemon [_thread_blocked, id=16387, stack(0x000070000c08e000,0x000070000c18e000)]
  0x00007f814d848000 JavaThread "C2 CompilerThread0" daemon [_thread_blocked, id=16131, stack(0x000070000bf8b000,0x000070000c08b000)]
  0x00007f814d048000 JavaThread "Signal Dispatcher" daemon [_thread_blocked, id=18947, stack(0x000070000be88000,0x000070000bf88000)]
  0x00007f814d02f800 JavaThread "Finalizer" daemon [_thread_blocked, id=12803, stack(0x000070000bc7f000,0x000070000bd7f000)]
  0x00007f814d02e800 JavaThread "Reference Handler" daemon [_thread_blocked, id=20995, stack(0x000070000bb7c000,0x000070000bc7c000)]
=>0x00007f814d809000 JavaThread "main" [_thread_in_native, id=775, stack(0x00007ffeeb8c1000,0x00007ffeec0c1000)]

Other Threads:
  0x00007f814d02c000 VMThread [stack: 0x000070000ba79000,0x000070000bb79000] [id=12291]
  0x00007f814c808800 WatcherThread [stack: 0x000070000c49a000,0x000070000c59a000] [id=16899]

VM state:not at safepoint (normal execution)

VM Mutex/Monitor currently owned by a thread: None

heap address: 0x0000000740000000, size: 2048 MB, Compressed Oops mode: Zero based, Oop shift amount: 3
Narrow klass base: 0x0000000000000000, Narrow klass shift: 3
Compressed class space size: 1073741824 Address: 0x00000007c0000000

Heap:
 PSYoungGen      total 38400K, used 1331K [0x0000000795580000, 0x0000000798000000, 0x00000007c0000000)
  eden space 33280K, 4% used [0x0000000795580000,0x00000007956ccce8,0x0000000797600000)
  from space 5120K, 0% used [0x0000000797b00000,0x0000000797b00000,0x0000000798000000)
  to   space 5120K, 0% used [0x0000000797600000,0x0000000797600000,0x0000000797b00000)
 ParOldGen       total 87552K, used 0K [0x0000000740000000, 0x0000000745580000, 0x0000000795580000)
  object space 87552K, 0% used [0x0000000740000000,0x0000000740000000,0x0000000745580000)
 Metaspace       used 2854K, capacity 4628K, committed 4864K, reserved 1056768K
  class space    used 296K, capacity 388K, committed 512K, reserved 1048576K

Card table byte_map: [0x0000000108e0e000,0x000000010920f000] byte_map_base: 0x000000010540e000

Marking Bits: (ParMarkBitMap*) 0x0000000108729768
 Begin Bits: [0x000000011b928000, 0x000000011d928000)
 End Bits:   [0x000000011d928000, 0x000000011f928000)

Polling page: 0x0000000103bbb000

CodeCache: size=245760Kb used=1118Kb max_used=1118Kb free=244641Kb
 bounds [0x000000010c928000, 0x000000010cb98000, 0x000000011b928000]
 total_blobs=281 nmethods=25 adapters=171
 compilation: enabled

Compilation events (10 events):
Event: 0.148 Thread 0x00007f814d84a800   21       3       java.lang.System::getSecurityManager (4 bytes)
Event: 0.148 Thread 0x00007f814d84a800 nmethod 21 0x000000010ca3d690 code [0x000000010ca3d7e0, 0x000000010ca3d930]
Event: 0.150 Thread 0x00007f814d84a800   22       3       java.util.jar.Attributes$Name::isValid (32 bytes)
Event: 0.150 Thread 0x00007f814d84a800 nmethod 22 0x000000010ca3cf90 code [0x000000010ca3d120, 0x000000010ca3d5b0]
Event: 0.150 Thread 0x00007f814d84a800   23       3       java.util.jar.Attributes$Name::isAlpha (30 bytes)
Event: 0.150 Thread 0x00007f814d84a800 nmethod 23 0x000000010ca3cb90 code [0x000000010ca3cd00, 0x000000010ca3cf30]
Event: 0.151 Thread 0x00007f814d84a800   24       3       java.lang.String::startsWith (72 bytes)
Event: 0.151 Thread 0x00007f814d84a800 nmethod 24 0x000000010ca3c510 code [0x000000010ca3c680, 0x000000010ca3c9b0]
Event: 0.153 Thread 0x00007f814d84a800   25       3       java.lang.String::getChars (62 bytes)
Event: 0.153 Thread 0x00007f814d84a800 nmethod 25 0x000000010ca3f690 code [0x000000010ca3f840, 0x000000010ca3fc78]

GC Heap History (0 events):
No events

Deoptimization events (0 events):
No events

Classes redefined (0 events):
No events

Internal exceptions (5 events):
Event: 0.085 Thread 0x00007f814d809000 Exception <a 'java/lang/NoSuchMethodError': Method sun.misc.Unsafe.defineClass(Ljava/lang/String;[BII)Ljava/lang/Class; name or signature does not match> (0x0000000795587cc0) thrown at [/jenkins/workspace/8-2-build-macosx-x86_64/jdk8u271/605/hotspot/src/s
Event: 0.085 Thread 0x00007f814d809000 Exception <a 'java/lang/NoSuchMethodError': Method sun.misc.Unsafe.prefetchRead(Ljava/lang/Object;J)V name or signature does not match> (0x0000000795587fa8) thrown at [/jenkins/workspace/8-2-build-macosx-x86_64/jdk8u271/605/hotspot/src/share/vm/prims/jni.
Event: 0.144 Thread 0x00007f814d809000 Exception <a 'java/util/zip/ZipException'> (0x00000007955ebb80) thrown at [/jenkins/workspace/8-2-build-macosx-x86_64/jdk8u271/605/hotspot/src/share/vm/prims/jni.cpp, line 710]
Event: 0.144 Thread 0x00007f814d809000 Exception <a 'java/security/PrivilegedActionException'> (0x00000007955ebe20) thrown at [/jenkins/workspace/8-2-build-macosx-x86_64/jdk8u271/605/hotspot/src/share/vm/prims/jvm.cpp, line 1512]
Event: 0.144 Thread 0x00007f814d809000 Exception <a 'java/security/PrivilegedActionException'> (0x00000007955ec030) thrown at [/jenkins/workspace/8-2-build-macosx-x86_64/jdk8u271/605/hotspot/src/share/vm/prims/jvm.cpp, line 1512]

Events (10 events):
Event: 0.150 loading class sun/misc/ASCIICaseInsensitiveComparator
Event: 0.150 loading class sun/misc/ASCIICaseInsensitiveComparator done
Event: 0.150 loading class java/lang/Package
Event: 0.150 loading class java/lang/Package done
Event: 0.151 loading class com/cyberbotics/webots/controller/wrapperJNI
Event: 0.151 loading class com/cyberbotics/webots/controller/wrapperJNI done
Event: 0.152 loading class java/lang/UnsatisfiedLinkError
Event: 0.153 loading class java/lang/UnsatisfiedLinkError done
Event: 0.153 loading class java/lang/ClassLoaderHelper
Event: 0.153 loading class java/lang/ClassLoaderHelper done


Dynamic libraries:
0x00007fff34f82000 	/System/Library/Frameworks/Cocoa.framework/Versions/A/Cocoa
0x00007fff221e3000 	/System/Library/Frameworks/Security.framework/Versions/A/Security
0x00007fff33184000 	/System/Library/Frameworks/ApplicationServices.framework/Versions/A/ApplicationServices
0x00007fff2a462000 	/usr/lib/libz.1.dylib
0x00007fff2a52a000 	/usr/lib/libSystem.B.dylib
0x00007fff203b1000 	/System/Library/Frameworks/CoreFoundation.framework/Versions/A/CoreFoundation
0x00007fff2115d000 	/System/Library/Frameworks/Foundation.framework/Versions/C/Foundation
0x00007fff201d1000 	/usr/lib/libobjc.A.dylib
0x00007fff22c08000 	/System/Library/Frameworks/AppKit.framework/Versions/C/AppKit
0x00007fff25a9e000 	/System/Library/Frameworks/CoreData.framework/Versions/A/CoreData
0x00007fff2396a000 	/System/Library/PrivateFrameworks/UIFoundation.framework/Versions/A/UIFoundation
0x00007fff2fb68000 	/System/Library/PrivateFrameworks/RemoteViewServices.framework/Versions/A/RemoteViewServices
0x00007fff2898d000 	/System/Library/PrivateFrameworks/XCTTargetBootstrap.framework/Versions/A/XCTTargetBootstrap
0x00007fff2b66a000 	/usr/lib/libspindump.dylib
0x00007fff23bbe000 	/System/Library/Frameworks/UniformTypeIdentifiers.framework/Versions/A/UniformTypeIdentifiers
0x00007fff27164000 	/usr/lib/libapp_launch_measurement.dylib
0x00007fff27167000 	/System/Library/PrivateFrameworks/CoreAutoLayout.framework/Versions/A/CoreAutoLayout
0x00007fff282ef000 	/System/Library/Frameworks/Metal.framework/Versions/A/Metal
0x00007fff28fdd000 	/usr/lib/liblangid.dylib
0x00007fff28991000 	/System/Library/PrivateFrameworks/CoreSVG.framework/Versions/A/CoreSVG
0x00007fff24ba6000 	/System/Library/PrivateFrameworks/SkyLight.framework/Versions/A/SkyLight
0x00007fff24f0c000 	/System/Library/Frameworks/CoreGraphics.framework/Versions/A/CoreGraphics
0x00007fff301bf000 	/System/Library/Frameworks/Accelerate.framework/Versions/A/Accelerate
0x00007fff2b0a5000 	/System/Library/PrivateFrameworks/IconServices.framework/Versions/A/IconServices
0x00007fff282d4000 	/System/Library/Frameworks/IOSurface.framework/Versions/A/IOSurface
0x00007fff26427000 	/usr/lib/libDiagnosticMessagesClient.dylib
0x00007fff28979000 	/System/Library/PrivateFrameworks/DFRFoundation.framework/Versions/A/DFRFoundation
0x00007fff22534000 	/usr/lib/libicucore.A.dylib
0x00007fff2cbab000 	/System/Library/Frameworks/AudioToolbox.framework/Versions/A/AudioToolbox
0x00007fff2be52000 	/System/Library/PrivateFrameworks/DataDetectorsCore.framework/Versions/A/DataDetectorsCore
0x00007fff28679000 	/System/Library/Frameworks/Carbon.framework/Versions/A/Frameworks/HIToolbox.framework/Versions/A/HIToolbox
0x00007fff26bc0000 	/System/Library/Frameworks/QuartzCore.framework/Versions/A/QuartzCore
0x00007fff2fba4000 	/System/Library/Frameworks/Carbon.framework/Versions/A/Frameworks/SpeechRecognition.framework/Versions/A/SpeechRecognition
0x00007fff26ecc000 	/System/Library/PrivateFrameworks/CoreUI.framework/Versions/A/CoreUI
0x00007fff21b3f000 	/System/Library/Frameworks/CoreAudio.framework/Versions/A/CoreAudio
0x00007fff26512000 	/System/Library/Frameworks/DiskArbitration.framework/Versions/A/DiskArbitration
0x00007fff2ba65000 	/System/Library/PrivateFrameworks/MultitouchSupport.framework/Versions/A/MultitouchSupport
0x00007fff2be49000 	/System/Library/PrivateFrameworks/InternationalSupport.framework/Versions/A/InternationalSupport
0x00007fff24b19000 	/usr/lib/libenergytrace.dylib
0x00007fff22b02000 	/System/Library/Frameworks/IOKit.framework/Versions/A/IOKit
0x00007fff2fef1000 	/System/Library/Frameworks/CoreServices.framework/Versions/A/CoreServices
0x00007fff270fa000 	/System/Library/PrivateFrameworks/PerformanceAnalysis.framework/Versions/A/PerformanceAnalysis
0x00007fff6c79c000 	/System/Library/Frameworks/OpenGL.framework/Versions/A/OpenGL
0x00007fff2bece000 	/System/Library/PrivateFrameworks/UserActivity.framework/Versions/A/UserActivity
0x00007fff255a0000 	/System/Library/Frameworks/ColorSync.framework/Versions/A/ColorSync
0x00007fff28bf5000 	/System/Library/Frameworks/CoreImage.framework/Versions/A/CoreImage
0x00007fff21956000 	/System/Library/Frameworks/CoreText.framework/Versions/A/CoreText
0x00007fff289bb000 	/System/Library/Frameworks/ImageIO.framework/Versions/A/ImageIO
0x00007fff2a530000 	/System/Library/PrivateFrameworks/SoftLinking.framework/Versions/A/SoftLinking
0x00007fff271b0000 	/usr/lib/libxml2.2.dylib
0x00007fff20296000 	/usr/lib/libc++.1.dylib
0x00007fff2a7a2000 	/usr/lib/libcompression.dylib
0x00007fff24b1a000 	/usr/lib/libMobileGestalt.dylib
0x00007fff2bd7c000 	/System/Library/PrivateFrameworks/TextureIO.framework/Versions/A/TextureIO
0x00007fff2adc8000 	/usr/lib/libate.dylib
0x00007fff2a524000 	/usr/lib/system/libcache.dylib
0x00007fff2a4e0000 	/usr/lib/system/libcommonCrypto.dylib
0x00007fff2a50a000 	/usr/lib/system/libcompiler_rt.dylib
0x00007fff2a4ff000 	/usr/lib/system/libcopyfile.dylib
0x00007fff200c2000 	/usr/lib/system/libcorecrypto.dylib
0x00007fff2018c000 	/usr/lib/system/libdispatch.dylib
0x00007fff20340000 	/usr/lib/system/libdyld.dylib
0x00007fff2a51b000 	/usr/lib/system/libkeymgr.dylib
0x00007fff2d942000 	/usr/lib/system/liblaunch.dylib
0x00007fff2a4be000 	/usr/lib/system/libmacho.dylib
0x00007fff29cd9000 	/usr/lib/system/libquarantine.dylib
0x00007fff2a518000 	/usr/lib/system/libremovefile.dylib
0x00007fff24b77000 	/usr/lib/system/libsystem_asl.dylib
0x00007fff20072000 	/usr/lib/system/libsystem_blocks.dylib
0x00007fff2020d000 	/usr/lib/system/libsystem_c.dylib
0x00007fff2a512000 	/usr/lib/system/libsystem_collections.dylib
0x00007fff28fce000 	/usr/lib/system/libsystem_configuration.dylib
0x00007fff282c3000 	/usr/lib/system/libsystem_containermanager.dylib
0x00007fff2a25a000 	/usr/lib/system/libsystem_coreservices.dylib
0x00007fff22796000 	/usr/lib/system/libsystem_darwin.dylib
0x00007fff2a51c000 	/usr/lib/system/libsystem_dnssd.dylib
0x00007fff2020a000 	/usr/lib/system/libsystem_featureflags.dylib
0x00007fff20385000 	/usr/lib/system/libsystem_info.dylib
0x00007fff2a475000 	/usr/lib/system/libsystem_m.dylib
0x00007fff2015f000 	/usr/lib/system/libsystem_malloc.dylib
0x00007fff24b0a000 	/usr/lib/system/libsystem_networkextension.dylib
0x00007fff22bb0000 	/usr/lib/system/libsystem_notify.dylib
0x00007fff2fdef000 	/usr/lib/system/libsystem_product_info_filter.dylib
0x00007fff28fd2000 	/usr/lib/system/libsystem_sandbox.dylib
0x00007fff2a515000 	/usr/lib/system/libsystem_secinit.dylib
0x00007fff20305000 	/usr/lib/system/libsystem_kernel.dylib
0x00007fff2037b000 	/usr/lib/system/libsystem_platform.dylib
0x00007fff20334000 	/usr/lib/system/libsystem_pthread.dylib
0x00007fff26275000 	/usr/lib/system/libsystem_symptoms.dylib
0x00007fff200aa000 	/usr/lib/system/libsystem_trace.dylib
0x00007fff2a4ec000 	/usr/lib/system/libunwind.dylib
0x00007fff20074000 	/usr/lib/system/libxpc.dylib
0x00007fff202ec000 	/usr/lib/libc++abi.dylib
0x00007fff2a4f7000 	/usr/lib/liboah.dylib
0x00007fff2abad000 	/usr/lib/liblzma.5.dylib
0x00007fff20e71000 	/System/Library/Frameworks/SystemConfiguration.framework/Versions/A/SystemConfiguration
0x00007fff2a52c000 	/usr/lib/libfakelink.dylib
0x00007fff2466c000 	/System/Library/Frameworks/CFNetwork.framework/Versions/A/CFNetwork
0x00007fff2a66c000 	/usr/lib/libarchive.2.dylib
0x00007fff20eef000 	/usr/lib/libCRFSuite.dylib
0x00007fff29d00000 	/usr/lib/libbsm.0.dylib
0x00007fff24028000 	/usr/lib/libnetwork.dylib
0x00007fff2a531000 	/usr/lib/libpcap.A.dylib
0x00007fff2626e000 	/usr/lib/libdns_services.dylib
0x00007fff2abc6000 	/usr/lib/libcoretls_cfhelpers.dylib
0x00007fff2a770000 	/usr/lib/libapple_nghttp2.dylib
0x00007fff2a4c4000 	/usr/lib/system/libkxld.dylib
0x00007fff25ed4000 	/usr/lib/libsqlite3.dylib
0x00007fff2a23c000 	/System/Library/PrivateFrameworks/AppleFSCompression.framework/Versions/A/AppleFSCompression
0x00007fff29ce8000 	/usr/lib/libcoretls.dylib
0x00007fff2a79d000 	/usr/lib/libpam.2.dylib
0x00007fff2acc3000 	/usr/lib/libxar.1.dylib
0x00007fff28fd9000 	/System/Library/PrivateFrameworks/AppleSystemInfo.framework/Versions/A/AppleSystemInfo
0x00007fff2992b000 	/System/Library/PrivateFrameworks/IOMobileFramebuffer.framework/Versions/A/IOMobileFramebuffer
0x00007fff2a24c000 	/usr/lib/libbz2.1.0.dylib
0x00007fff2a569000 	/usr/lib/libiconv.2.dylib
0x00007fff2a4bd000 	/usr/lib/libcharset.1.dylib
0x00007fff27136000 	/System/Library/Frameworks/CoreServices.framework/Versions/A/Frameworks/FSEvents.framework/Versions/A/FSEvents
0x00007fff227a0000 	/System/Library/Frameworks/CoreServices.framework/Versions/A/Frameworks/CarbonCore.framework/Versions/A/CarbonCore
0x00007fff26477000 	/System/Library/Frameworks/CoreServices.framework/Versions/A/Frameworks/Metadata.framework/Versions/A/Metadata
0x00007fff2a25f000 	/System/Library/Frameworks/CoreServices.framework/Versions/A/Frameworks/OSServices.framework/Versions/A/OSServices
0x00007fff2a6de000 	/System/Library/Frameworks/CoreServices.framework/Versions/A/Frameworks/SearchKit.framework/Versions/A/SearchKit
0x00007fff261f8000 	/System/Library/Frameworks/CoreServices.framework/Versions/A/Frameworks/AE.framework/Versions/A/AE
0x00007fff2084d000 	/System/Library/Frameworks/CoreServices.framework/Versions/A/Frameworks/LaunchServices.framework/Versions/A/LaunchServices
0x00007fff2ab5e000 	/System/Library/Frameworks/CoreServices.framework/Versions/A/Frameworks/DictionaryServices.framework/Versions/A/DictionaryServices
0x00007fff2713f000 	/System/Library/Frameworks/CoreServices.framework/Versions/A/Frameworks/SharedFileList.framework/Versions/A/SharedFileList
0x00007fff29cdc000 	/usr/lib/libCheckFix.dylib
0x00007fff24b8e000 	/System/Library/PrivateFrameworks/TCC.framework/Versions/A/TCC
0x00007fff28fdf000 	/System/Library/PrivateFrameworks/CoreNLP.framework/Versions/A/CoreNLP
0x00007fff2642a000 	/System/Library/PrivateFrameworks/MetadataUtilities.framework/Versions/A/MetadataUtilities
0x00007fff20f25000 	/usr/lib/libmecabra.dylib
0x00007fff29fef000 	/System/Library/Frameworks/MLCompute.framework/Versions/A/MLCompute
0x00007fff29d11000 	/usr/lib/libmecab.dylib
0x00007fff29d5b000 	/usr/lib/libgermantok.dylib
0x00007fff2a746000 	/usr/lib/libThaiTokenizer.dylib
0x00007fff2acfe000 	/usr/lib/libChineseTokenizer.dylib
0x00007fff2a79b000 	/System/Library/Frameworks/MetalPerformanceShaders.framework/Versions/A/MetalPerformanceShaders
0x00007fff26519000 	/System/Library/Frameworks/Accelerate.framework/Versions/A/Frameworks/vImage.framework/Versions/A/vImage
0x00007fff2feca000 	/System/Library/Frameworks/Accelerate.framework/Versions/A/Frameworks/vecLib.framework/Versions/A/vecLib
0x00007fff2ad09000 	/System/Library/Frameworks/Accelerate.framework/Versions/A/Frameworks/vecLib.framework/Versions/A/libvMisc.dylib
0x00007fff29744000 	/System/Library/Frameworks/Accelerate.framework/Versions/A/Frameworks/vecLib.framework/Versions/A/libvDSP.dylib
0x00007fff20b50000 	/System/Library/Frameworks/Accelerate.framework/Versions/A/Frameworks/vecLib.framework/Versions/A/libBLAS.dylib
0x00007fff2a7c1000 	/System/Library/Frameworks/Accelerate.framework/Versions/A/Frameworks/vecLib.framework/Versions/A/libLAPACK.dylib
0x00007fff29d61000 	/System/Library/Frameworks/Accelerate.framework/Versions/A/Frameworks/vecLib.framework/Versions/A/libLinearAlgebra.dylib
0x00007fff2a788000 	/System/Library/Frameworks/Accelerate.framework/Versions/A/Frameworks/vecLib.framework/Versions/A/libSparseBLAS.dylib
0x00007fff2a7bb000 	/System/Library/Frameworks/Accelerate.framework/Versions/A/Frameworks/vecLib.framework/Versions/A/libQuadrature.dylib
0x00007fff29087000 	/System/Library/Frameworks/Accelerate.framework/Versions/A/Frameworks/vecLib.framework/Versions/A/libBNNS.dylib
0x00007fff20e02000 	/System/Library/Frameworks/Accelerate.framework/Versions/A/Frameworks/vecLib.framework/Versions/A/libSparse.dylib
0x00007fff28f73000 	/System/Library/Frameworks/MetalPerformanceShaders.framework/Versions/A/Frameworks/MPSCore.framework/Versions/A/MPSCore
0x00007fff2a1ab000 	/System/Library/Frameworks/MetalPerformanceShaders.framework/Versions/A/Frameworks/MPSImage.framework/Versions/A/MPSImage
0x00007fff29d77000 	/System/Library/Frameworks/MetalPerformanceShaders.framework/Versions/A/Frameworks/MPSNeuralNetwork.framework/Versions/A/MPSNeuralNetwork
0x00007fff2a136000 	/System/Library/Frameworks/MetalPerformanceShaders.framework/Versions/A/Frameworks/MPSMatrix.framework/Versions/A/MPSMatrix
0x00007fff29f9f000 	/System/Library/Frameworks/MetalPerformanceShaders.framework/Versions/A/Frameworks/MPSRayIntersector.framework/Versions/A/MPSRayIntersector
0x00007fff2a16d000 	/System/Library/Frameworks/MetalPerformanceShaders.framework/Versions/A/Frameworks/MPSNDArray.framework/Versions/A/MPSNDArray
0x00007fff20a7c000 	/System/Library/PrivateFrameworks/MetalTools.framework/Versions/A/MetalTools
0x00007fff28fd7000 	/System/Library/PrivateFrameworks/AggregateDictionary.framework/Versions/A/AggregateDictionary
0x00007fff26402000 	/System/Library/PrivateFrameworks/CoreAnalytics.framework/Versions/A/CoreAnalytics
0x00007fff2a748000 	/System/Library/PrivateFrameworks/AppleSauce.framework/Versions/A/AppleSauce
0x00007fff282e6000 	/System/Library/PrivateFrameworks/IOAccelerator.framework/Versions/A/IOAccelerator
0x00007fff6c790000 	/System/Library/Frameworks/OpenGL.framework/Versions/A/Libraries/libCoreFSCache.dylib
0x00007fff214c1000 	/System/Library/PrivateFrameworks/LanguageModeling.framework/Versions/A/LanguageModeling
0x00007fff29918000 	/System/Library/PrivateFrameworks/CoreEmoji.framework/Versions/A/CoreEmoji
0x00007fff29080000 	/System/Library/PrivateFrameworks/LinguisticData.framework/Versions/A/LinguisticData
0x00007fff20db4000 	/System/Library/PrivateFrameworks/Lexicon.framework/Versions/A/Lexicon
0x00007fff2a65a000 	/usr/lib/libcmph.dylib
0x00007fff27116000 	/System/Library/Frameworks/OpenDirectory.framework/Versions/A/Frameworks/CFOpenDirectory.framework/Versions/A/CFOpenDirectory
0x00007fff27106000 	/System/Library/Frameworks/OpenDirectory.framework/Versions/A/OpenDirectory
0x00007fff2abc8000 	/System/Library/PrivateFrameworks/APFS.framework/Versions/A/APFS
0x00007fff29c3d000 	/System/Library/Frameworks/SecurityFoundation.framework/Versions/A/SecurityFoundation
0x00007fff2acd1000 	/usr/lib/libutil.dylib
0x00007fff22ac7000 	/System/Library/PrivateFrameworks/CoreServicesStore.framework/Versions/A/CoreServicesStore
0x00007fff29cd4000 	/System/Library/Frameworks/ServiceManagement.framework/Versions/A/ServiceManagement
0x00007fff2acd5000 	/usr/lib/libxslt.1.dylib
0x00007fff29cca000 	/System/Library/PrivateFrameworks/BackgroundTaskManagement.framework/Versions/A/BackgroundTaskManagement
0x00007fff2bcc6000 	/System/Library/Frameworks/ImageIO.framework/Versions/A/Resources/libRadiance.dylib
0x00007fff2bcd0000 	/System/Library/Frameworks/ImageIO.framework/Versions/A/Resources/libJPEG.dylib
0x00007fff2bc1f000 	/System/Library/Frameworks/ImageIO.framework/Versions/A/Resources/libPng.dylib
0x00007fff2bc46000 	/System/Library/Frameworks/ImageIO.framework/Versions/A/Resources/libTIFF.dylib
0x00007fff2bd25000 	/System/Library/Frameworks/ImageIO.framework/Versions/A/Resources/libGIF.dylib
0x00007fff2b982000 	/System/Library/Frameworks/ImageIO.framework/Versions/A/Resources/libJP2.dylib
0x00007fff2b06c000 	/usr/lib/libexpat.1.dylib
0x00007fff2b937000 	/System/Library/PrivateFrameworks/AppleJPEG.framework/Versions/A/AppleJPEG
0x00007fff2851c000 	/System/Library/PrivateFrameworks/FontServices.framework/libFontParser.dylib
0x00007fff261ac000 	/System/Library/PrivateFrameworks/RunningBoardServices.framework/Versions/A/RunningBoardServices
0x00007fff2ba61000 	/System/Library/PrivateFrameworks/WatchdogClient.framework/Versions/A/WatchdogClient
0x00007fff215ae000 	/System/Library/Frameworks/CoreDisplay.framework/Versions/A/CoreDisplay
0x00007fff28432000 	/System/Library/Frameworks/CoreMedia.framework/Versions/A/CoreMedia
0x00007fff27293000 	/System/Library/Frameworks/CoreVideo.framework/Versions/A/CoreVideo
0x00007fff2ba99000 	/System/Library/Frameworks/VideoToolbox.framework/Versions/A/VideoToolbox
0x00007fff2612a000 	/System/Library/PrivateFrameworks/BaseBoard.framework/Versions/A/BaseBoard
0x00007fff2b1b1000 	/System/Library/PrivateFrameworks/PersistentConnection.framework/Versions/A/PersistentConnection
0x00007fff25ebd000 	/System/Library/PrivateFrameworks/ProtocolBuffer.framework/Versions/A/ProtocolBuffer
0x00007fff26111000 	/System/Library/PrivateFrameworks/CommonUtilities.framework/Versions/A/CommonUtilities
0x00007fff2b8cc000 	/System/Library/PrivateFrameworks/Bom.framework/Versions/A/Bom
0x00007fff2bcbf000 	/System/Library/PrivateFrameworks/GPUWrangler.framework/Versions/A/GPUWrangler
0x00007fff2bca4000 	/System/Library/PrivateFrameworks/IOPresentment.framework/Versions/A/IOPresentment
0x00007fff2bcca000 	/System/Library/PrivateFrameworks/DSExternalDisplay.framework/Versions/A/DSExternalDisplay
0x00007fff2bd2a000 	/System/Library/PrivateFrameworks/CMCaptureCore.framework/Versions/A/CMCaptureCore
0x00007fff2b651000 	/System/Library/PrivateFrameworks/AppServerSupport.framework/Versions/A/AppServerSupport
0x00007fff2d6e1000 	/System/Library/PrivateFrameworks/perfdata.framework/Versions/A/perfdata
0x00007fff29c2c000 	/System/Library/PrivateFrameworks/AssertionServices.framework/Versions/A/AssertionServices
0x00007fff216e5000 	/System/Library/PrivateFrameworks/AudioToolboxCore.framework/Versions/A/AudioToolboxCore
0x00007fff28415000 	/System/Library/PrivateFrameworks/caulk.framework/Versions/A/caulk
0x00007fff3d355000 	/System/Library/PrivateFrameworks/SystemPolicy.framework/Versions/A/SystemPolicy
0x00007fff2ae61000 	/usr/lib/libIOReport.dylib
0x00007fff2cf03000 	/usr/lib/libSMC.dylib
0x00007fff2bbec000 	/usr/lib/libAudioToolboxUtility.dylib
0x00007fff3dcbb000 	/usr/lib/libmis.dylib
0x00007fff6c7ec000 	/System/Library/Frameworks/OpenGL.framework/Versions/A/Libraries/libGLU.dylib
0x00007fff6c7af000 	/System/Library/Frameworks/OpenGL.framework/Versions/A/Libraries/libGFXShared.dylib
0x00007fff6c9be000 	/System/Library/Frameworks/OpenGL.framework/Versions/A/Libraries/libGL.dylib
0x00007fff6c7b8000 	/System/Library/Frameworks/OpenGL.framework/Versions/A/Libraries/libGLImage.dylib
0x00007fff6c7ac000 	/System/Library/Frameworks/OpenGL.framework/Versions/A/Libraries/libCVMSPluginSupport.dylib
0x00007fff6c797000 	/System/Library/Frameworks/OpenGL.framework/Versions/A/Libraries/libCoreVMClient.dylib
0x00007fff6ddff000 	/System/Library/Frameworks/OpenCL.framework/Versions/A/OpenCL
0x00007fff2b1db000 	/System/Library/PrivateFrameworks/GraphVisualizer.framework/Versions/A/GraphVisualizer
0x00007fff2b1ea000 	/System/Library/PrivateFrameworks/FaceCore.framework/Versions/A/FaceCore
0x00007fff2b606000 	/System/Library/PrivateFrameworks/OTSVG.framework/Versions/A/OTSVG
0x00007fff26e8a000 	/System/Library/Frameworks/ApplicationServices.framework/Versions/A/Frameworks/ATS.framework/Versions/A/Resources/libFontRegistry.dylib
0x00007fff2b658000 	/System/Library/PrivateFrameworks/FontServices.framework/libhvf.dylib
0x00007fff2b018000 	/System/Library/PrivateFrameworks/AppleVA.framework/Versions/A/AppleVA
0x00007fff2cd4c000 	/System/Library/Frameworks/ApplicationServices.framework/Versions/A/Frameworks/ATS.framework/Versions/A/ATS
0x00007fff2d05e000 	/System/Library/Frameworks/ApplicationServices.framework/Versions/A/Frameworks/ColorSyncLegacy.framework/Versions/A/ColorSyncLegacy
0x00007fff25697000 	/System/Library/Frameworks/ApplicationServices.framework/Versions/A/Frameworks/HIServices.framework/Versions/A/HIServices
0x00007fff2d043000 	/System/Library/Frameworks/ApplicationServices.framework/Versions/A/Frameworks/LangAnalysis.framework/Versions/A/LangAnalysis
0x00007fff2bd34000 	/System/Library/Frameworks/ApplicationServices.framework/Versions/A/Frameworks/PrintCore.framework/Versions/A/PrintCore
0x00007fff2d066000 	/System/Library/Frameworks/ApplicationServices.framework/Versions/A/Frameworks/QD.framework/Versions/A/QD
0x00007fff2cd3c000 	/System/Library/Frameworks/ApplicationServices.framework/Versions/A/Frameworks/SpeechSynthesis.framework/Versions/A/SpeechSynthesis
0x00007fff2bcf5000 	/System/Library/Frameworks/ApplicationServices.framework/Versions/A/Frameworks/ATSUI.framework/Versions/A/ATSUI
0x00007fff2cfe3000 	/usr/lib/libcups.2.dylib
0x00007fff2d053000 	/System/Library/PrivateFrameworks/NetAuth.framework/Versions/A/NetAuth
0x00007fff2d6fd000 	/System/Library/Frameworks/Kerberos.framework/Versions/A/Kerberos
0x00007fff2d70d000 	/System/Library/Frameworks/GSS.framework/Versions/A/GSS
0x00007fff2cdb8000 	/usr/lib/libresolv.9.dylib
0x00007fff2b66d000 	/System/Library/PrivateFrameworks/Heimdal.framework/Versions/A/Heimdal
0x00007fff33484000 	/System/Library/Frameworks/Kerberos.framework/Versions/A/Libraries/libHeimdalProxy.dylib
0x00007fff2627d000 	/System/Library/Frameworks/Network.framework/Versions/A/Network
0x00007fff2b086000 	/usr/lib/libheimdal-asn1.dylib
0x00007fff2d75d000 	/System/Library/PrivateFrameworks/CommonAuth.framework/Versions/A/CommonAuth
0x00007fff272e0000 	/System/Library/PrivateFrameworks/login.framework/Versions/A/Frameworks/loginsupport.framework/Versions/A/loginsupport
0x00007fff2ccc1000 	/System/Library/PrivateFrameworks/AudioSession.framework/Versions/A/AudioSession
0x00007fff2cd29000 	/usr/lib/libAudioStatistics.dylib
0x00007fff2b113000 	/System/Library/PrivateFrameworks/MediaExperience.framework/Versions/A/MediaExperience
0x00007fff2cb79000 	/System/Library/PrivateFrameworks/AudioSession.framework/libSessionUtility.dylib
0x00007fff2d6ee000 	/usr/lib/libperfcheck.dylib
0x00007fff2d072000 	/System/Library/PrivateFrameworks/AudioResourceArbitration.framework/Versions/A/AudioResourceArbitration
0x00007fff2b090000 	/System/Library/PrivateFrameworks/IconFoundation.framework/Versions/A/IconFoundation
0x00007fff2fb94000 	/System/Library/PrivateFrameworks/SpeechRecognitionCore.framework/Versions/A/SpeechRecognitionCore
0x0000000108000000 	/Library/Internet Plug-Ins/JavaAppletPlugin.plugin/Contents/Home/lib/server/libjvm.dylib
0x0000000103b77000 	/Library/Internet Plug-Ins/JavaAppletPlugin.plugin/Contents/Home/lib/libverify.dylib
0x0000000103b88000 	/Library/Internet Plug-Ins/JavaAppletPlugin.plugin/Contents/Home/lib/libjava.dylib
0x0000000103c05000 	/Library/Internet Plug-Ins/JavaAppletPlugin.plugin/Contents/Home/lib/libzip.dylib
0x000000010bf49000 	/Applications/Webots.app/lib/controller/java/libJavaController.jnilib
0x000000010bf85000 	/Applications/Webots.app/lib/controller/libController.dylib
0x000000010bff1000 	/Applications/Webots.app/lib/controller/libCppController.dylib

VM Arguments:
jvm_args: -Djava.library.path=/Applications/Webots.app/lib/controller/java 
java_command: MyControllerJava
java_class_path (initial): /Applications/Webots.app/lib/controller/java/Controller.jar:/Users/davide/Desktop/Università/Robotica/ProgettiWeBots/my_first_simulation/controllers/MyControllerJava/
Launcher Type: SUN_STANDARD

Environment Variables:
PATH=/usr/bin:/bin:/usr/sbin:/sbin
SHELL=/bin/bash
DISPLAY=/private/tmp/com.apple.launchd.qYzsmPsBXH/org.macosforge.xquartz:0
DYLD_LIBRARY_PATH=/Users/davide/Desktop/Università/Robotica/ProgettiWeBots/my_first_simulation/controllers/MyControllerJava:/Applications/Webots.app/lib/controller

Signal Handlers:
SIGSEGV: [libjvm.dylib+0x5a0dcb], sa_mask[0]=11111111011111110111111111111111, sa_flags=SA_ONSTACK|SA_RESTART|SA_SIGINFO
SIGBUS: [libjvm.dylib+0x5a0dcb], sa_mask[0]=11111111011111110111111111111111, sa_flags=SA_RESTART|SA_SIGINFO
SIGFPE: [libjvm.dylib+0x491731], sa_mask[0]=11111111011111110111111111111111, sa_flags=SA_RESTART|SA_SIGINFO
SIGPIPE: [libjvm.dylib+0x491731], sa_mask[0]=11111111011111110111111111111111, sa_flags=SA_RESTART|SA_SIGINFO
SIGXFSZ: [libjvm.dylib+0x491731], sa_mask[0]=11111111011111110111111111111111, sa_flags=SA_RESTART|SA_SIGINFO
SIGILL: [libjvm.dylib+0x491731], sa_mask[0]=11111111011111110111111111111111, sa_flags=SA_RESTART|SA_SIGINFO
SIGUSR1: SIG_DFL, sa_mask[0]=00000000000000000000000000000000, sa_flags=none
SIGUSR2: [libjvm.dylib+0x49202a], sa_mask[0]=00000000000000000000000000000000, sa_flags=SA_RESTART|SA_SIGINFO
SIGHUP: [libjvm.dylib+0x490239], sa_mask[0]=11111111011111110111111111111111, sa_flags=SA_RESTART|SA_SIGINFO
SIGINT: [libjvm.dylib+0x490239], sa_mask[0]=11111111011111110111111111111111, sa_flags=SA_RESTART|SA_SIGINFO
SIGTERM: [libjvm.dylib+0x490239], sa_mask[0]=11111111011111110111111111111111, sa_flags=SA_RESTART|SA_SIGINFO
SIGQUIT: [libjvm.dylib+0x490239], sa_mask[0]=11111111011111110111111111111111, sa_flags=SA_RESTART|SA_SIGINFO


---------------  S Y S T E M  ---------------

OS:Bsduname:Darwin 20.2.0 Darwin Kernel Version 20.2.0: Tue Nov 10 21:14:14 PST 2020; root:xnu-7195.60.70.111.1~1/RELEASE_X86_64 x86_64
rlimit: STACK 8192k, CORE 0k, NPROC 1392, NOFILE 10240, AS infinity
load average:2.27 2.39 2.32

CPU:total 8 (initial active 8) (4 cores per cpu, 2 threads per core) family 6 model 142 stepping 10, cmov, cx8, fxsr, mmx, sse, sse2, sse3, ssse3, sse4.1, sse4.2, popcnt, avx, avx2, aes, clmul, erms, 3dnowpref, lzcnt, ht, tsc, tscinvbit, bmi1, bmi2, adx

Memory: 4k page, physical 8388608k(63476k free)

/proc/meminfo:


vm_info: Java HotSpot(TM) 64-Bit Server VM (25.271-b09) for bsd-amd64 JRE (1.8.0_271-b09), built on Sep 16 2020 16:54:38 by "java_re" with gcc 4.2.1 Compatible Apple LLVM 10.0.0 (clang-1000.11.45.5)

time: Fri Dec 18 15:05:32 2020
timezone: CET
elapsed time: 0.171798 seconds (0d 0h 0m 0s)

